# JRE version: Java(TM) SE Runtime Environment (8.0_181-b13) (build 1.8.0_181-b13)
# Java VM: Java HotSpot(TM) 64-Bit Server VM (25.181-b13 mixed mode windows-amd64 compressed oops)
Heap:
 PSYoungGen      total 204288K, used 52390K [0x00000000eab00000, 0x00000000fd400000, 0x0000000100000000)
  eden space 192512K, 22% used [0x00000000eab00000,0x00000000ed580a00,0x00000000f6700000)
  from space 11776K, 75% used [0x00000000f6700000,0x00000000f6fa8f60,0x00000000f7280000)
  to   space 12288K, 0% used [0x00000000fc800000,0x00000000fc800000,0x00000000fd400000)
 ParOldGen       total 43008K, used 26538K [0x00000000c0000000, 0x00000000c2a00000, 0x00000000eab00000)
  object space 43008K, 61% used [0x00000000c0000000,0x00000000c19eab20,0x00000000c2a00000)
 Metaspace       used 45332K, capacity 46056K, committed 46376K, reserved 1089536K
  class space    used 6146K, capacity 6379K, committed 6448K, reserved 1048576K
GC Heap History (10 events):
Event: 49.331 GC heap before
{Heap before GC invocations=13 (full 1):
 PSYoungGen      total 103936K, used 25153K [0x00000000eab00000, 0x00000000f4500000, 0x0000000100000000)
  eden space 95232K, 19% used [0x00000000eab00000,0x00000000ebcc8e38,0x00000000f0800000)
  from space 8704K, 79% used [0x00000000f0800000,0x00000000f0ec7700,0x00000000f1080000)
  to   space 9216K, 0% used [0x00000000f3c00000,0x00000000f3c00000,0x00000000f4500000)
 ParOldGen       total 30208K, used 14557K [0x00000000c0000000, 0x00000000c1d80000, 0x00000000eab00000)
  object space 30208K, 48% used [0x00000000c0000000,0x00000000c0e37780,0x00000000c1d80000)
 Metaspace       used 34804K, capacity 35298K, committed 35496K, reserved 1079296K
  class space    used 4865K, capacity 5034K, committed 5040K, reserved 1048576K
Event: 49.337 GC heap after
Heap after GC invocations=13 (full 1):
 PSYoungGen      total 144384K, used 480K [0x00000000eab00000, 0x00000000f4380000, 0x0000000100000000)
  eden space 136704K, 0% used [0x00000000eab00000,0x00000000eab00000,0x00000000f3080000)
  from space 7680K, 6% used [0x00000000f3c00000,0x00000000f3c78000,0x00000000f4380000)
  to   space 9728K, 0% used [0x00000000f3080000,0x00000000f3080000,0x00000000f3a00000)
 ParOldGen       total 30208K, used 16787K [0x00000000c0000000, 0x00000000c1d80000, 0x00000000eab00000)
  object space 30208K, 55% used [0x00000000c0000000,0x00000000c1064d20,0x00000000c1d80000)
 Metaspace       used 34804K, capacity 35298K, committed 35496K, reserved 1079296K
  class space    used 4865K, capacity 5034K, committed 5040K, reserved 1048576K
}
Event: 49.337 GC heap before
{Heap before GC invocations=14 (full 2):
 PSYoungGen      total 144384K, used 480K [0x00000000eab00000, 0x00000000f4380000, 0x0000000100000000)
  eden space 136704K, 0% used [0x00000000eab00000,0x00000000eab00000,0x00000000f3080000)
  from space 7680K, 6% used [0x00000000f3c00000,0x00000000f3c78000,0x00000000f4380000)
  to   space 9728K, 0% used [0x00000000f3080000,0x00000000f3080000,0x00000000f3a00000)
 ParOldGen       total 30208K, used 16787K [0x00000000c0000000, 0x00000000c1d80000, 0x00000000eab00000)
  object space 30208K, 55% used [0x00000000c0000000,0x00000000c1064d20,0x00000000c1d80000)
 Metaspace       used 34804K, capacity 35298K, committed 35496K, reserved 1079296K
  class space    used 4865K, capacity 5034K, committed 5040K, reserved 1048576K
Event: 49.422 GC heap after
Heap after GC invocations=14 (full 2):
 PSYoungGen      total 144384K, used 0K [0x00000000eab00000, 0x00000000f4380000, 0x0000000100000000)
  eden space 136704K, 0% used [0x00000000eab00000,0x00000000eab00000,0x00000000f3080000)
  from space 7680K, 0% used [0x00000000f3c00000,0x00000000f3c00000,0x00000000f4380000)
  to   space 9728K, 0% used [0x00000000f3080000,0x00000000f3080000,0x00000000f3a00000)
 ParOldGen       total 43008K, used 14819K [0x00000000c0000000, 0x00000000c2a00000, 0x00000000eab00000)
  object space 43008K, 34% used [0x00000000c0000000,0x00000000c0e78cf0,0x00000000c2a00000)
 Metaspace       used 34804K, capacity 35298K, committed 35496K, reserved 1079296K
  class space    used 4865K, capacity 5034K, committed 5040K, reserved 1048576K
}
Event: 65.191 GC heap before
{Heap before GC invocations=15 (full 2):
 PSYoungGen      total 144384K, used 136464K [0x00000000eab00000, 0x00000000f4380000, 0x0000000100000000)
  eden space 136704K, 99% used [0x00000000eab00000,0x00000000f3044208,0x00000000f3080000)
  from space 7680K, 0% used [0x00000000f3c00000,0x00000000f3c00000,0x00000000f4380000)
  to   space 9728K, 0% used [0x00000000f3080000,0x00000000f3080000,0x00000000f3a00000)
 ParOldGen       total 43008K, used 14819K [0x00000000c0000000, 0x00000000c2a00000, 0x00000000eab00000)
  object space 43008K, 34% used [0x00000000c0000000,0x00000000c0e78cf0,0x00000000c2a00000)
 Metaspace       used 40243K, capacity 40858K, committed 41256K, reserved 1085440K
  class space    used 5717K, capacity 5885K, committed 5936K, reserved 1048576K
Event: 65.232 GC heap after
Heap after GC invocations=15 (full 2):
 PSYoungGen      total 146432K, used 8707K [0x00000000eab00000, 0x00000000f7d00000, 0x0000000100000000)
  eden space 136704K, 0% used [0x00000000eab00000,0x00000000eab00000,0x00000000f3080000)
  from space 9728K, 89% used [0x00000000f3080000,0x00000000f3900f78,0x00000000f3a00000)
  to   space 10752K, 0% used [0x00000000f7280000,0x00000000f7280000,0x00000000f7d00000)
 ParOldGen       total 43008K, used 14827K [0x00000000c0000000, 0x00000000c2a00000, 0x00000000eab00000)
  object space 43008K, 34% used [0x00000000c0000000,0x00000000c0e7acf0,0x00000000c2a00000)
 Metaspace       used 40243K, capacity 40858K, committed 41256K, reserved 1085440K
  class space    used 5717K, capacity 5885K, committed 5936K, reserved 1048576K
}
Event: 103.498 GC heap before
{Heap before GC invocations=16 (full 2):
 PSYoungGen      total 146432K, used 145411K [0x00000000eab00000, 0x00000000f7d00000, 0x0000000100000000)
  eden space 136704K, 100% used [0x00000000eab00000,0x00000000f3080000,0x00000000f3080000)
  from space 9728K, 89% used [0x00000000f3080000,0x00000000f3900f78,0x00000000f3a00000)
  to   space 10752K, 0% used [0x00000000f7280000,0x00000000f7280000,0x00000000f7d00000)
 ParOldGen       total 43008K, used 14827K [0x00000000c0000000, 0x00000000c2a00000, 0x00000000eab00000)
  object space 43008K, 34% used [0x00000000c0000000,0x00000000c0e7acf0,0x00000000c2a00000)
 Metaspace       used 44013K, capacity 44784K, committed 45096K, reserved 1087488K
  class space    used 6090K, capacity 6327K, committed 6448K, reserved 1048576K
Event: 104.751 GC heap after
Heap after GC invocations=16 (full 2):
 PSYoungGen      total 203264K, used 9632K [0x00000000eab00000, 0x00000000f8800000, 0x0000000100000000)
  eden space 192512K, 0% used [0x00000000eab00000,0x00000000eab00000,0x00000000f6700000)
  from space 10752K, 89% used [0x00000000f7280000,0x00000000f7be80d8,0x00000000f7d00000)
  to   space 11776K, 0% used [0x00000000f6700000,0x00000000f6700000,0x00000000f7280000)
 ParOldGen       total 43008K, used 20020K [0x00000000c0000000, 0x00000000c2a00000, 0x00000000eab00000)
  object space 43008K, 46% used [0x00000000c0000000,0x00000000c138d2e0,0x00000000c2a00000)
 Metaspace       used 44013K, capacity 44784K, committed 45096K, reserved 1087488K
  class space    used 6090K, capacity 6327K, committed 6448K, reserved 1048576K
}
Event: 132.038 GC heap before
{Heap before GC invocations=17 (full 2):
 PSYoungGen      total 203264K, used 202144K [0x00000000eab00000, 0x00000000f8800000, 0x0000000100000000)
  eden space 192512K, 100% used [0x00000000eab00000,0x00000000f6700000,0x00000000f6700000)
  from space 10752K, 89% used [0x00000000f7280000,0x00000000f7be80d8,0x00000000f7d00000)
  to   space 11776K, 0% used [0x00000000f6700000,0x00000000f6700000,0x00000000f7280000)
 ParOldGen       total 43008K, used 20020K [0x00000000c0000000, 0x00000000c2a00000, 0x00000000eab00000)
  object space 43008K, 46% used [0x00000000c0000000,0x00000000c138d2e0,0x00000000c2a00000)
 Metaspace       used 45185K, capacity 45922K, committed 46376K, reserved 1089536K
  class space    used 6145K, capacity 6378K, committed 6448K, reserved 1048576K
Event: 132.071 GC heap after
Heap after GC invocations=17 (full 2):
 PSYoungGen      total 204288K, used 8867K [0x00000000eab00000, 0x00000000fd400000, 0x0000000100000000)
  eden space 192512K, 0% used [0x00000000eab00000,0x00000000eab00000,0x00000000f6700000)
  from space 11776K, 75% used [0x00000000f6700000,0x00000000f6fa8f60,0x00000000f7280000)
  to   space 12288K, 0% used [0x00000000fc800000,0x00000000fc800000,0x00000000fd400000)
 ParOldGen       total 43008K, used 26538K [0x00000000c0000000, 0x00000000c2a00000, 0x00000000eab00000)
  object space 43008K, 61% used [0x00000000c0000000,0x00000000c19eab20,0x00000000c2a00000)
 Metaspace       used 45185K, capacity 45922K, committed 46376K, reserved 1089536K
  class space    used 6145K, capacity 6378K, committed 6448K, reserved 1048576K
}

